# JRE version: Java(TM) SE Runtime Environment (8.0_40-b25) (build 1.8.0_40-b25)
# Java VM: Java HotSpot(TM) 64-Bit Server VM (25.40-b25 mixed mode linux-amd64 compressed oops)
Heap:
 par new generation   total 28864K, used 0K [0x000000008f000000, 0x0000000090f50000, 0x00000000b8990000)
  eden space 25664K,   0% used [0x000000008f000000, 0x000000008f000000, 0x0000000090910000)
  from space 3200K,   0% used [0x0000000090c30000, 0x0000000090c30000, 0x0000000090f50000)
  to   space 3200K,   0% used [0x0000000090910000, 0x0000000090910000, 0x0000000090c30000)
 concurrent mark-sweep generation total 216300K, used 125848K [0x00000000b8990000, 0x00000000c5ccb000, 0x0000000800000000)
 Metaspace       used 11363K, capacity 11534K, committed 11776K, reserved 1060864K
  class space    used 1207K, capacity 1239K, committed 1280K, reserved 1048576K
GC Heap History (10 events):
Event: 77,323 GC heap after
Heap after GC invocations=4329 (full 6):
 par new generation   total 28864K, used 16K [0x000000008f000000, 0x0000000090f50000, 0x00000000b8990000)
  eden space 25664K,   0% used [0x000000008f000000, 0x000000008f000000, 0x0000000090910000)
  from space 3200K,   0% used [0x0000000090c30000, 0x0000000090c34080, 0x0000000090f50000)
  to   space 3200K,   0% used [0x0000000090910000, 0x0000000090910000, 0x0000000090c30000)
 concurrent mark-sweep generation total 216300K, used 190254K [0x00000000b8990000, 0x00000000c5ccb000, 0x0000000800000000)
 Metaspace       used 11362K, capacity 11534K, committed 11776K, reserved 1060864K
  class space    used 1207K, capacity 1239K, committed 1280K, reserved 1048576K
}
Event: 77,362 GC heap before
{Heap before GC invocations=4329 (full 6):
 par new generation   total 28864K, used 25680K [0x000000008f000000, 0x0000000090f50000, 0x00000000b8990000)
  eden space 25664K, 100% used [0x000000008f000000, 0x0000000090910000, 0x0000000090910000)
  from space 3200K,   0% used [0x0000000090c30000, 0x0000000090c34080, 0x0000000090f50000)
  to   space 3200K,   0% used [0x0000000090910000, 0x0000000090910000, 0x0000000090c30000)
 concurrent mark-sweep generation total 216300K, used 190254K [0x00000000b8990000, 0x00000000c5ccb000, 0x0000000800000000)
 Metaspace       used 11362K, capacity 11534K, committed 11776K, reserved 1060864K
  class space    used 1207K, capacity 1239K, committed 1280K, reserved 1048576K
Event: 77,363 GC heap after
Heap after GC invocations=4330 (full 6):
 par new generation   total 28864K, used 16K [0x000000008f000000, 0x0000000090f50000, 0x00000000b8990000)
  eden space 25664K,   0% used [0x000000008f000000, 0x000000008f000000, 0x0000000090910000)
  from space 3200K,   0% used [0x0000000090910000, 0x0000000090914080, 0x0000000090c30000)
  to   space 3200K,   0% used [0x0000000090c30000, 0x0000000090c30000, 0x0000000090f50000)
 concurrent mark-sweep generation total 216300K, used 190254K [0x00000000b8990000, 0x00000000c5ccb000, 0x0000000800000000)
 Metaspace       used 11362K, capacity 11534K, committed 11776K, reserved 1060864K
  class space    used 1207K, capacity 1239K, committed 1280K, reserved 1048576K
}
Event: 77,400 GC heap before
{Heap before GC invocations=4330 (full 6):
 par new generation   total 28864K, used 25680K [0x000000008f000000, 0x0000000090f50000, 0x00000000b8990000)
  eden space 25664K, 100% used [0x000000008f000000, 0x0000000090910000, 0x0000000090910000)
  from space 3200K,   0% used [0x0000000090910000, 0x0000000090914080, 0x0000000090c30000)
  to   space 3200K,   0% used [0x0000000090c30000, 0x0000000090c30000, 0x0000000090f50000)
 concurrent mark-sweep generation total 216300K, used 190254K [0x00000000b8990000, 0x00000000c5ccb000, 0x0000000800000000)
 Metaspace       used 11362K, capacity 11534K, committed 11776K, reserved 1060864K
  class space    used 1207K, capacity 1239K, committed 1280K, reserved 1048576K
Event: 77,401 GC heap after
Heap after GC invocations=4331 (full 6):
 par new generation   total 28864K, used 16K [0x000000008f000000, 0x0000000090f50000, 0x00000000b8990000)
  eden space 25664K,   0% used [0x000000008f000000, 0x000000008f000000, 0x0000000090910000)
  from space 3200K,   0% used [0x0000000090c30000, 0x0000000090c34080, 0x0000000090f50000)
  to   space 3200K,   0% used [0x0000000090910000, 0x0000000090910000, 0x0000000090c30000)
 concurrent mark-sweep generation total 216300K, used 190254K [0x00000000b8990000, 0x00000000c5ccb000, 0x0000000800000000)
 Metaspace       used 11362K, capacity 11534K, committed 11776K, reserved 1060864K
  class space    used 1207K, capacity 1239K, committed 1280K, reserved 1048576K
}
Event: 77,676 GC heap before
{Heap before GC invocations=4331 (full 6):
 par new generation   total 28864K, used 25680K [0x000000008f000000, 0x0000000090f50000, 0x00000000b8990000)
  eden space 25664K, 100% used [0x000000008f000000, 0x0000000090910000, 0x0000000090910000)
  from space 3200K,   0% used [0x0000000090c30000, 0x0000000090c34080, 0x0000000090f50000)
  to   space 3200K,   0% used [0x0000000090910000, 0x0000000090910000, 0x0000000090c30000)
 concurrent mark-sweep generation total 216300K, used 190254K [0x00000000b8990000, 0x00000000c5ccb000, 0x0000000800000000)
 Metaspace       used 11362K, capacity 11534K, committed 11776K, reserved 1060864K
  class space    used 1207K, capacity 1239K, committed 1280K, reserved 1048576K
Event: 77,677 GC heap after
Heap after GC invocations=4332 (full 6):
 par new generation   total 28864K, used 16K [0x000000008f000000, 0x0000000090f50000, 0x00000000b8990000)
  eden space 25664K,   0% used [0x000000008f000000, 0x000000008f000000, 0x0000000090910000)
  from space 3200K,   0% used [0x0000000090910000, 0x0000000090914080, 0x0000000090c30000)
  to   space 3200K,   0% used [0x0000000090c30000, 0x0000000090c30000, 0x0000000090f50000)
 concurrent mark-sweep generation total 216300K, used 190254K [0x00000000b8990000, 0x00000000c5ccb000, 0x0000000800000000)
 Metaspace       used 11362K, capacity 11534K, committed 11776K, reserved 1060864K
  class space    used 1207K, capacity 1239K, committed 1280K, reserved 1048576K
}
Event: 77,750 GC heap before
{Heap before GC invocations=4332 (full 6):
 par new generation   total 28864K, used 25680K [0x000000008f000000, 0x0000000090f50000, 0x00000000b8990000)
  eden space 25664K, 100% used [0x000000008f000000, 0x0000000090910000, 0x0000000090910000)
  from space 3200K,   0% used [0x0000000090910000, 0x0000000090914080, 0x0000000090c30000)
  to   space 3200K,   0% used [0x0000000090c30000, 0x0000000090c30000, 0x0000000090f50000)
 concurrent mark-sweep generation total 216300K, used 190254K [0x00000000b8990000, 0x00000000c5ccb000, 0x0000000800000000)
 Metaspace       used 11362K, capacity 11534K, committed 11776K, reserved 1060864K
  class space    used 1207K, capacity 1239K, committed 1280K, reserved 1048576K
Event: 78,016 GC heap after
Heap after GC invocations=4333 (full 6):
 par new generation   total 28864K, used 14K [0x000000008f000000, 0x0000000090f50000, 0x00000000b8990000)
  eden space 25664K,   0% used [0x000000008f000000, 0x000000008f000000, 0x0000000090910000)
  from space 3200K,   0% used [0x0000000090c30000, 0x0000000090c33870, 0x0000000090f50000)
  to   space 3200K,   0% used [0x0000000090910000, 0x0000000090910000, 0x0000000090c30000)
 concurrent mark-sweep generation total 216300K, used 190254K [0x00000000b8990000, 0x00000000c5ccb000, 0x0000000800000000)
 Metaspace       used 11362K, capacity 11534K, committed 11776K, reserved 1060864K
  class space    used 1207K, capacity 1239K, committed 1280K, reserved 1048576K
}
Event: 79,953 GC heap before
{Heap before GC invocations=4333 (full 6):
 par new generation   total 28864K, used 11991K [0x000000008f000000, 0x0000000090f50000, 0x00000000b8990000)
  eden space 25664K,  46% used [0x000000008f000000, 0x000000008fbb2460, 0x0000000090910000)
  from space 3200K,   0% used [0x0000000090c30000, 0x0000000090c33870, 0x0000000090f50000)
  to   space 3200K,   0% used [0x0000000090910000, 0x0000000090910000, 0x0000000090c30000)
 concurrent mark-sweep generation total 216300K, used 190254K [0x00000000b8990000, 0x00000000c5ccb000, 0x0000000800000000)
 Metaspace       used 11363K, capacity 11534K, committed 11776K, reserved 1060864K
  class space    used 1207K, capacity 1239K, committed 1280K, reserved 1048576K

