# JRE version: Java(TM) SE Runtime Environment (8.0_40-b25) (build 1.8.0_40-b25)
# Java VM: Java HotSpot(TM) 64-Bit Server VM (25.40-b25 mixed mode linux-amd64 compressed oops)
Heap:
 par new generation   total 28864K, used 0K [0x000000008f000000, 0x0000000090f50000, 0x00000000b8990000)
  eden space 25664K,   0% used [0x000000008f000000, 0x000000008f000000, 0x0000000090910000)
  from space 3200K,   0% used [0x0000000090910000, 0x0000000090910000, 0x0000000090c30000)
  to   space 3200K,   0% used [0x0000000090c30000, 0x0000000090c30000, 0x0000000090f50000)
 concurrent mark-sweep generation total 265352K, used 141480K [0x00000000b8990000, 0x00000000c8cb2000, 0x0000000800000000)
 Metaspace       used 11363K, capacity 11534K, committed 11776K, reserved 1060864K
  class space    used 1209K, capacity 1239K, committed 1280K, reserved 1048576K
GC Heap History (10 events):
Event: 75,790 GC heap after
Heap after GC invocations=5064 (full 7):
 par new generation   total 28864K, used 16K [0x000000008f000000, 0x0000000090f50000, 0x00000000b8990000)
  eden space 25664K,   0% used [0x000000008f000000, 0x000000008f000000, 0x0000000090910000)
  from space 3200K,   0% used [0x0000000090910000, 0x0000000090914080, 0x0000000090c30000)
  to   space 3200K,   0% used [0x0000000090c30000, 0x0000000090c30000, 0x0000000090f50000)
 concurrent mark-sweep generation total 265352K, used 168072K [0x00000000b8990000, 0x00000000c8cb2000, 0x0000000800000000)
 Metaspace       used 11362K, capacity 11534K, committed 11776K, reserved 1060864K
  class space    used 1209K, capacity 1239K, committed 1280K, reserved 1048576K
}
Event: 75,858 GC heap before
{Heap before GC invocations=5064 (full 7):
 par new generation   total 28864K, used 25680K [0x000000008f000000, 0x0000000090f50000, 0x00000000b8990000)
  eden space 25664K, 100% used [0x000000008f000000, 0x0000000090910000, 0x0000000090910000)
  from space 3200K,   0% used [0x0000000090910000, 0x0000000090914080, 0x0000000090c30000)
  to   space 3200K,   0% used [0x0000000090c30000, 0x0000000090c30000, 0x0000000090f50000)
 concurrent mark-sweep generation total 265352K, used 168072K [0x00000000b8990000, 0x00000000c8cb2000, 0x0000000800000000)
 Metaspace       used 11362K, capacity 11534K, committed 11776K, reserved 1060864K
  class space    used 1209K, capacity 1239K, committed 1280K, reserved 1048576K
Event: 75,859 GC heap after
Heap after GC invocations=5065 (full 7):
 par new generation   total 28864K, used 16K [0x000000008f000000, 0x0000000090f50000, 0x00000000b8990000)
  eden space 25664K,   0% used [0x000000008f000000, 0x000000008f000000, 0x0000000090910000)
  from space 3200K,   0% used [0x0000000090c30000, 0x0000000090c34080, 0x0000000090f50000)
  to   space 3200K,   0% used [0x0000000090910000, 0x0000000090910000, 0x0000000090c30000)
 concurrent mark-sweep generation total 265352K, used 168073K [0x00000000b8990000, 0x00000000c8cb2000, 0x0000000800000000)
 Metaspace       used 11362K, capacity 11534K, committed 11776K, reserved 1060864K
  class space    used 1209K, capacity 1239K, committed 1280K, reserved 1048576K
}
Event: 75,964 GC heap before
{Heap before GC invocations=5065 (full 7):
 par new generation   total 28864K, used 25680K [0x000000008f000000, 0x0000000090f50000, 0x00000000b8990000)
  eden space 25664K, 100% used [0x000000008f000000, 0x0000000090910000, 0x0000000090910000)
  from space 3200K,   0% used [0x0000000090c30000, 0x0000000090c34080, 0x0000000090f50000)
  to   space 3200K,   0% used [0x0000000090910000, 0x0000000090910000, 0x0000000090c30000)
 concurrent mark-sweep generation total 265352K, used 168073K [0x00000000b8990000, 0x00000000c8cb2000, 0x0000000800000000)
 Metaspace       used 11362K, capacity 11534K, committed 11776K, reserved 1060864K
  class space    used 1209K, capacity 1239K, committed 1280K, reserved 1048576K
Event: 75,965 GC heap after
Heap after GC invocations=5066 (full 7):
 par new generation   total 28864K, used 18K [0x000000008f000000, 0x0000000090f50000, 0x00000000b8990000)
  eden space 25664K,   0% used [0x000000008f000000, 0x000000008f000000, 0x0000000090910000)
  from space 3200K,   0% used [0x0000000090910000, 0x0000000090914890, 0x0000000090c30000)
  to   space 3200K,   0% used [0x0000000090c30000, 0x0000000090c30000, 0x0000000090f50000)
 concurrent mark-sweep generation total 265352K, used 168073K [0x00000000b8990000, 0x00000000c8cb2000, 0x0000000800000000)
 Metaspace       used 11362K, capacity 11534K, committed 11776K, reserved 1060864K
  class space    used 1209K, capacity 1239K, committed 1280K, reserved 1048576K
}
Event: 76,055 GC heap before
{Heap before GC invocations=5066 (full 7):
 par new generation   total 28864K, used 25682K [0x000000008f000000, 0x0000000090f50000, 0x00000000b8990000)
  eden space 25664K, 100% used [0x000000008f000000, 0x0000000090910000, 0x0000000090910000)
  from space 3200K,   0% used [0x0000000090910000, 0x0000000090914890, 0x0000000090c30000)
  to   space 3200K,   0% used [0x0000000090c30000, 0x0000000090c30000, 0x0000000090f50000)
 concurrent mark-sweep generation total 265352K, used 168073K [0x00000000b8990000, 0x00000000c8cb2000, 0x0000000800000000)
 Metaspace       used 11362K, capacity 11534K, committed 11776K, reserved 1060864K
  class space    used 1209K, capacity 1239K, committed 1280K, reserved 1048576K
Event: 76,056 GC heap after
Heap after GC invocations=5067 (full 7):
 par new generation   total 28864K, used 18K [0x000000008f000000, 0x0000000090f50000, 0x00000000b8990000)
  eden space 25664K,   0% used [0x000000008f000000, 0x000000008f000000, 0x0000000090910000)
  from space 3200K,   0% used [0x0000000090c30000, 0x0000000090c34890, 0x0000000090f50000)
  to   space 3200K,   0% used [0x0000000090910000, 0x0000000090910000, 0x0000000090c30000)
 concurrent mark-sweep generation total 265352K, used 168073K [0x00000000b8990000, 0x00000000c8cb2000, 0x0000000800000000)
 Metaspace       used 11362K, capacity 11534K, committed 11776K, reserved 1060864K
  class space    used 1209K, capacity 1239K, committed 1280K, reserved 1048576K
}
Event: 76,125 GC heap before
{Heap before GC invocations=5067 (full 7):
 par new generation   total 28864K, used 25682K [0x000000008f000000, 0x0000000090f50000, 0x00000000b8990000)
  eden space 25664K, 100% used [0x000000008f000000, 0x0000000090910000, 0x0000000090910000)
  from space 3200K,   0% used [0x0000000090c30000, 0x0000000090c34890, 0x0000000090f50000)
  to   space 3200K,   0% used [0x0000000090910000, 0x0000000090910000, 0x0000000090c30000)
 concurrent mark-sweep generation total 265352K, used 168073K [0x00000000b8990000, 0x00000000c8cb2000, 0x0000000800000000)
 Metaspace       used 11363K, capacity 11534K, committed 11776K, reserved 1060864K
  class space    used 1209K, capacity 1239K, committed 1280K, reserved 1048576K
Event: 76,126 GC heap after
Heap after GC invocations=5068 (full 7):
 par new generation   total 28864K, used 16K [0x000000008f000000, 0x0000000090f50000, 0x00000000b8990000)
  eden space 25664K,   0% used [0x000000008f000000, 0x000000008f000000, 0x0000000090910000)
  from space 3200K,   0% used [0x0000000090910000, 0x0000000090914080, 0x0000000090c30000)
  to   space 3200K,   0% used [0x0000000090c30000, 0x0000000090c30000, 0x0000000090f50000)
 concurrent mark-sweep generation total 265352K, used 168073K [0x00000000b8990000, 0x00000000c8cb2000, 0x0000000800000000)
 Metaspace       used 11363K, capacity 11534K, committed 11776K, reserved 1060864K
  class space    used 1209K, capacity 1239K, committed 1280K, reserved 1048576K
}
Event: 76,162 GC heap before
{Heap before GC invocations=5068 (full 7):
 par new generation   total 28864K, used 13629K [0x000000008f000000, 0x0000000090f50000, 0x00000000b8990000)
  eden space 25664K,  53% used [0x000000008f000000, 0x000000008fd4b588, 0x0000000090910000)
  from space 3200K,   0% used [0x0000000090910000, 0x0000000090914080, 0x0000000090c30000)
  to   space 3200K,   0% used [0x0000000090c30000, 0x0000000090c30000, 0x0000000090f50000)
 concurrent mark-sweep generation total 265352K, used 168073K [0x00000000b8990000, 0x00000000c8cb2000, 0x0000000800000000)
 Metaspace       used 11363K, capacity 11534K, committed 11776K, reserved 1060864K
  class space    used 1209K, capacity 1239K, committed 1280K, reserved 1048576K

